# JRE version: OpenJDK Runtime Environment GraalVM CE 22.3.0 (17.0.5+8) (build 17.0.5+8-jvmci-22.3-b08)
# Java VM: OpenJDK 64-Bit Server VM GraalVM CE 22.3.0 (17.0.5+8-jvmci-22.3-b08, mixed mode, sharing, tiered, jvmci, jvmci compiler, compressed oops, compressed class ptrs, parallel gc, linux-amd64)
GC Precious Log:
 CPUs: 8 total, 1 available
 Memory: 1024M
 Large Page Support: Disabled
 NUMA Support: Disabled
 Compressed Oops: Enabled (32-bit)
 Alignments: Space 512K, Generation 512K, Heap 2M
 Heap Min Capacity: 100M
 Heap Initial Capacity: 100M
 Heap Max Capacity: 512M
 Pre-touch: Disabled
 Parallel Workers: 1
Heap:
 PSYoungGen      total 30208K, used 20479K [0x00000000f5580000, 0x00000000f7d80000, 0x0000000100000000)
  eden space 20480K, 99% used [0x00000000f5580000,0x00000000f697fff8,0x00000000f6980000)
  from space 9728K, 0% used [0x00000000f6980000,0x00000000f6980000,0x00000000f7300000)
  to   space 9216K, 0% used [0x00000000f7480000,0x00000000f7480000,0x00000000f7d80000)
 ParOldGen       total 349696K, used 349693K [0x00000000e0000000, 0x00000000f5580000, 0x00000000f5580000)
  object space 349696K, 99% used [0x00000000e0000000,0x00000000f557f6b0,0x00000000f5580000)
 Metaspace       used 59789K, committed 60608K, reserved 1105920K
  class space    used 5863K, committed 6208K, reserved 1048576K
GC Heap History (20 events):
Event: 966.869 GC heap before
{Heap before GC invocations=702 (full 606):
 PSYoungGen      total 30208K, used 20480K [0x00000000f5580000, 0x00000000f7d80000, 0x0000000100000000)
  eden space 20480K, 100% used [0x00000000f5580000,0x00000000f6980000,0x00000000f6980000)
  from space 9728K, 0% used [0x00000000f6980000,0x00000000f6980000,0x00000000f7300000)
  to   space 9216K, 0% used [0x00000000f7480000,0x00000000f7480000,0x00000000f7d80000)
 ParOldGen       total 349696K, used 349696K [0x00000000e0000000, 0x00000000f5580000, 0x00000000f5580000)
  object space 349696K, 100% used [0x00000000e0000000,0x00000000f5580000,0x00000000f5580000)
 Metaspace       used 59787K, committed 60608K, reserved 1105920K
  class space    used 5863K, committed 6208K, reserved 1048576K
}
Event: 968.151 GC heap after
{Heap after GC invocations=702 (full 606):
 PSYoungGen      total 29696K, used 20479K [0x00000000f5580000, 0x00000000f7d80000, 0x0000000100000000)
  eden space 20480K, 99% used [0x00000000f5580000,0x00000000f697ffd8,0x00000000f6980000)
  from space 9216K, 0% used [0x00000000f7480000,0x00000000f7480000,0x00000000f7d80000)
  to   space 9728K, 0% used [0x00000000f6980000,0x00000000f6980000,0x00000000f7300000)
 ParOldGen       total 349696K, used 349691K [0x00000000e0000000, 0x00000000f5580000, 0x00000000f5580000)
  object space 349696K, 99% used [0x00000000e0000000,0x00000000f557eff8,0x00000000f5580000)
 Metaspace       used 59787K, committed 60608K, reserved 1105920K
  class space    used 5863K, committed 6208K, reserved 1048576K
}
Event: 968.152 GC heap before
{Heap before GC invocations=703 (full 607):
 PSYoungGen      total 29696K, used 20479K [0x00000000f5580000, 0x00000000f7d80000, 0x0000000100000000)
  eden space 20480K, 99% used [0x00000000f5580000,0x00000000f697fff0,0x00000000f6980000)
  from space 9216K, 0% used [0x00000000f7480000,0x00000000f7480000,0x00000000f7d80000)
  to   space 9728K, 0% used [0x00000000f6980000,0x00000000f6980000,0x00000000f7300000)
 ParOldGen       total 349696K, used 349691K [0x00000000e0000000, 0x00000000f5580000, 0x00000000f5580000)
  object space 349696K, 99% used [0x00000000e0000000,0x00000000f557eff8,0x00000000f5580000)
 Metaspace       used 59787K, committed 60608K, reserved 1105920K
  class space    used 5863K, committed 6208K, reserved 1048576K
}
Event: 969.339 GC heap after
{Heap after GC invocations=703 (full 607):
 PSYoungGen      total 30208K, used 20479K [0x00000000f5580000, 0x00000000f7d80000, 0x0000000100000000)
  eden space 20480K, 99% used [0x00000000f5580000,0x00000000f697fff0,0x00000000f6980000)
  from space 9728K, 0% used [0x00000000f6980000,0x00000000f6980000,0x00000000f7300000)
  to   space 9216K, 0% used [0x00000000f7480000,0x00000000f7480000,0x00000000f7d80000)
 ParOldGen       total 349696K, used 349691K [0x00000000e0000000, 0x00000000f5580000, 0x00000000f5580000)
  object space 349696K, 99% used [0x00000000e0000000,0x00000000f557eff8,0x00000000f5580000)
 Metaspace       used 59787K, committed 60608K, reserved 1105920K
  class space    used 5863K, committed 6208K, reserved 1048576K
}
Event: 969.346 GC heap before
{Heap before GC invocations=704 (full 608):
 PSYoungGen      total 30208K, used 20480K [0x00000000f5580000, 0x00000000f7d80000, 0x0000000100000000)
  eden space 20480K, 100% used [0x00000000f5580000,0x00000000f6980000,0x00000000f6980000)
  from space 9728K, 0% used [0x00000000f6980000,0x00000000f6980000,0x00000000f7300000)
  to   space 9216K, 0% used [0x00000000f7480000,0x00000000f7480000,0x00000000f7d80000)
 ParOldGen       total 349696K, used 349694K [0x00000000e0000000, 0x00000000f5580000, 0x00000000f5580000)
  object space 349696K, 99% used [0x00000000e0000000,0x00000000f557f978,0x00000000f5580000)
 Metaspace       used 59789K, committed 60608K, reserved 1105920K
  class space    used 5863K, committed 6208K, reserved 1048576K
}
Event: 970.574 GC heap after
{Heap after GC invocations=704 (full 608):
 PSYoungGen      total 29696K, used 20479K [0x00000000f5580000, 0x00000000f7d80000, 0x0000000100000000)
  eden space 20480K, 99% used [0x00000000f5580000,0x00000000f697ff90,0x00000000f6980000)
  from space 9216K, 0% used [0x00000000f7480000,0x00000000f7480000,0x00000000f7d80000)
  to   space 9728K, 0% used [0x00000000f6980000,0x00000000f6980000,0x00000000f7300000)
 ParOldGen       total 349696K, used 349693K [0x00000000e0000000, 0x00000000f5580000, 0x00000000f5580000)
  object space 349696K, 99% used [0x00000000e0000000,0x00000000f557f658,0x00000000f5580000)
 Metaspace       used 59789K, committed 60608K, reserved 1105920K
  class space    used 5863K, committed 6208K, reserved 1048576K
}
Event: 970.575 GC heap before
{Heap before GC invocations=705 (full 609):
 PSYoungGen      total 29696K, used 20480K [0x00000000f5580000, 0x00000000f7d80000, 0x0000000100000000)
  eden space 20480K, 100% used [0x00000000f5580000,0x00000000f6980000,0x00000000f6980000)
  from space 9216K, 0% used [0x00000000f7480000,0x00000000f7480000,0x00000000f7d80000)
  to   space 9728K, 0% used [0x00000000f6980000,0x00000000f6980000,0x00000000f7300000)
 ParOldGen       total 349696K, used 349693K [0x00000000e0000000, 0x00000000f5580000, 0x00000000f5580000)
  object space 349696K, 99% used [0x00000000e0000000,0x00000000f557f658,0x00000000f5580000)
 Metaspace       used 59789K, committed 60608K, reserved 1105920K
  class space    used 5863K, committed 6208K, reserved 1048576K
}
Event: 971.783 GC heap after
{Heap after GC invocations=705 (full 609):
 PSYoungGen      total 30208K, used 20479K [0x00000000f5580000, 0x00000000f7d80000, 0x0000000100000000)
  eden space 20480K, 99% used [0x00000000f5580000,0x00000000f697ffd8,0x00000000f6980000)
  from space 9728K, 0% used [0x00000000f6980000,0x00000000f6980000,0x00000000f7300000)
  to   space 9216K, 0% used [0x00000000f7480000,0x00000000f7480000,0x00000000f7d80000)
 ParOldGen       total 349696K, used 349693K [0x00000000e0000000, 0x00000000f5580000, 0x00000000f5580000)
  object space 349696K, 99% used [0x00000000e0000000,0x00000000f557f658,0x00000000f5580000)
 Metaspace       used 59789K, committed 60608K, reserved 1105920K
  class space    used 5863K, committed 6208K, reserved 1048576K
}
Event: 971.784 GC heap before
{Heap before GC invocations=706 (full 610):
 PSYoungGen      total 30208K, used 20479K [0x00000000f5580000, 0x00000000f7d80000, 0x0000000100000000)
  eden space 20480K, 99% used [0x00000000f5580000,0x00000000f697ffe8,0x00000000f6980000)
  from space 9728K, 0% used [0x00000000f6980000,0x00000000f6980000,0x00000000f7300000)
  to   space 9216K, 0% used [0x00000000f7480000,0x00000000f7480000,0x00000000f7d80000)
 ParOldGen       total 349696K, used 349693K [0x00000000e0000000, 0x00000000f5580000, 0x00000000f5580000)
  object space 349696K, 99% used [0x00000000e0000000,0x00000000f557f658,0x00000000f5580000)
 Metaspace       used 59789K, committed 60608K, reserved 1105920K
  class space    used 5863K, committed 6208K, reserved 1048576K
}
Event: 972.940 GC heap after
{Heap after GC invocations=706 (full 610):
 PSYoungGen      total 29696K, used 20479K [0x00000000f5580000, 0x00000000f7d80000, 0x0000000100000000)
  eden space 20480K, 99% used [0x00000000f5580000,0x00000000f697ffd8,0x00000000f6980000)
  from space 9216K, 0% used [0x00000000f7480000,0x00000000f7480000,0x00000000f7d80000)
  to   space 9728K, 0% used [0x00000000f6980000,0x00000000f6980000,0x00000000f7300000)
 ParOldGen       total 349696K, used 349693K [0x00000000e0000000, 0x00000000f5580000, 0x00000000f5580000)
  object space 349696K, 99% used [0x00000000e0000000,0x00000000f557f658,0x00000000f5580000)
 Metaspace       used 59789K, committed 60608K, reserved 1105920K
  class space    used 5863K, committed 6208K, reserved 1048576K
}
Event: 972.943 GC heap before
{Heap before GC invocations=707 (full 611):
 PSYoungGen      total 29696K, used 20479K [0x00000000f5580000, 0x00000000f7d80000, 0x0000000100000000)
  eden space 20480K, 99% used [0x00000000f5580000,0x00000000f697fff8,0x00000000f6980000)
  from space 9216K, 0% used [0x00000000f7480000,0x00000000f7480000,0x00000000f7d80000)
  to   space 9728K, 0% used [0x00000000f6980000,0x00000000f6980000,0x00000000f7300000)
 ParOldGen       total 349696K, used 349693K [0x00000000e0000000, 0x00000000f5580000, 0x00000000f5580000)
  object space 349696K, 99% used [0x00000000e0000000,0x00000000f557f658,0x00000000f5580000)
 Metaspace       used 59789K, committed 60608K, reserved 1105920K
  class space    used 5863K, committed 6208K, reserved 1048576K
}
Event: 974.173 GC heap after
{Heap after GC invocations=707 (full 611):
 PSYoungGen      total 30208K, used 20479K [0x00000000f5580000, 0x00000000f7d80000, 0x0000000100000000)
  eden space 20480K, 99% used [0x00000000f5580000,0x00000000f697fff8,0x00000000f6980000)
  from space 9728K, 0% used [0x00000000f6980000,0x00000000f6980000,0x00000000f7300000)
  to   space 9216K, 0% used [0x00000000f7480000,0x00000000f7480000,0x00000000f7d80000)
 ParOldGen       total 349696K, used 349693K [0x00000000e0000000, 0x00000000f5580000, 0x00000000f5580000)
  object space 349696K, 99% used [0x00000000e0000000,0x00000000f557f658,0x00000000f5580000)
 Metaspace       used 59789K, committed 60608K, reserved 1105920K
  class space    used 5863K, committed 6208K, reserved 1048576K
}
Event: 974.174 GC heap before
{Heap before GC invocations=708 (full 612):
 PSYoungGen      total 30208K, used 20479K [0x00000000f5580000, 0x00000000f7d80000, 0x0000000100000000)
  eden space 20480K, 99% used [0x00000000f5580000,0x00000000f697fff8,0x00000000f6980000)
  from space 9728K, 0% used [0x00000000f6980000,0x00000000f6980000,0x00000000f7300000)
  to   space 9216K, 0% used [0x00000000f7480000,0x00000000f7480000,0x00000000f7d80000)
 ParOldGen       total 349696K, used 349694K [0x00000000e0000000, 0x00000000f5580000, 0x00000000f5580000)
  object space 349696K, 99% used [0x00000000e0000000,0x00000000f557fa88,0x00000000f5580000)
 Metaspace       used 59789K, committed 60608K, reserved 1105920K
  class space    used 5863K, committed 6208K, reserved 1048576K
}
Event: 975.369 GC heap after
{Heap after GC invocations=708 (full 612):
 PSYoungGen      total 29696K, used 20479K [0x00000000f5580000, 0x00000000f7d80000, 0x0000000100000000)
  eden space 20480K, 99% used [0x00000000f5580000,0x00000000f697ffc8,0x00000000f6980000)
  from space 9216K, 0% used [0x00000000f7480000,0x00000000f7480000,0x00000000f7d80000)
  to   space 9728K, 0% used [0x00000000f6980000,0x00000000f6980000,0x00000000f7300000)
 ParOldGen       total 349696K, used 349694K [0x00000000e0000000, 0x00000000f5580000, 0x00000000f5580000)
  object space 349696K, 99% used [0x00000000e0000000,0x00000000f557f878,0x00000000f5580000)
 Metaspace       used 59789K, committed 60608K, reserved 1105920K
  class space    used 5863K, committed 6208K, reserved 1048576K
}
Event: 975.369 GC heap before
{Heap before GC invocations=709 (full 613):
 PSYoungGen      total 29696K, used 20479K [0x00000000f5580000, 0x00000000f7d80000, 0x0000000100000000)
  eden space 20480K, 99% used [0x00000000f5580000,0x00000000f697ffc8,0x00000000f6980000)
  from space 9216K, 0% used [0x00000000f7480000,0x00000000f7480000,0x00000000f7d80000)
  to   space 9728K, 0% used [0x00000000f6980000,0x00000000f6980000,0x00000000f7300000)
 ParOldGen       total 349696K, used 349694K [0x00000000e0000000, 0x00000000f5580000, 0x00000000f5580000)
  object space 349696K, 99% used [0x00000000e0000000,0x00000000f557f878,0x00000000f5580000)
 Metaspace       used 59789K, committed 60608K, reserved 1105920K
  class space    used 5863K, committed 6208K, reserved 1048576K
}
Event: 976.460 GC heap after
{Heap after GC invocations=709 (full 613):
 PSYoungGen      total 30208K, used 20479K [0x00000000f5580000, 0x00000000f7d80000, 0x0000000100000000)
  eden space 20480K, 99% used [0x00000000f5580000,0x00000000f697ffc8,0x00000000f6980000)
  from space 9728K, 0% used [0x00000000f6980000,0x00000000f6980000,0x00000000f7300000)
  to   space 9216K, 0% used [0x00000000f7480000,0x00000000f7480000,0x00000000f7d80000)
 ParOldGen       total 349696K, used 349694K [0x00000000e0000000, 0x00000000f5580000, 0x00000000f5580000)
  object space 349696K, 99% used [0x00000000e0000000,0x00000000f557f878,0x00000000f5580000)
 Metaspace       used 59789K, committed 60608K, reserved 1105920K
  class space    used 5863K, committed 6208K, reserved 1048576K
}
Event: 976.475 GC heap before
{Heap before GC invocations=710 (full 614):
 PSYoungGen      total 30208K, used 20479K [0x00000000f5580000, 0x00000000f7d80000, 0x0000000100000000)
  eden space 20480K, 99% used [0x00000000f5580000,0x00000000f697ffe8,0x00000000f6980000)
  from space 9728K, 0% used [0x00000000f6980000,0x00000000f6980000,0x00000000f7300000)
  to   space 9216K, 0% used [0x00000000f7480000,0x00000000f7480000,0x00000000f7d80000)
 ParOldGen       total 349696K, used 349694K [0x00000000e0000000, 0x00000000f5580000, 0x00000000f5580000)
  object space 349696K, 99% used [0x00000000e0000000,0x00000000f557f878,0x00000000f5580000)
 Metaspace       used 59789K, committed 60608K, reserved 1105920K
  class space    used 5863K, committed 6208K, reserved 1048576K
}
Event: 977.735 GC heap after
{Heap after GC invocations=710 (full 614):
 PSYoungGen      total 29696K, used 20479K [0x00000000f5580000, 0x00000000f7d80000, 0x0000000100000000)
  eden space 20480K, 99% used [0x00000000f5580000,0x00000000f697ffc8,0x00000000f6980000)
  from space 9216K, 0% used [0x00000000f7480000,0x00000000f7480000,0x00000000f7d80000)
  to   space 9728K, 0% used [0x00000000f6980000,0x00000000f6980000,0x00000000f7300000)
 ParOldGen       total 349696K, used 349693K [0x00000000e0000000, 0x00000000f5580000, 0x00000000f5580000)
  object space 349696K, 99% used [0x00000000e0000000,0x00000000f557f588,0x00000000f5580000)
 Metaspace       used 59789K, committed 60608K, reserved 1105920K
  class space    used 5863K, committed 6208K, reserved 1048576K
}
Event: 977.735 GC heap before
{Heap before GC invocations=711 (full 615):
 PSYoungGen      total 29696K, used 20479K [0x00000000f5580000, 0x00000000f7d80000, 0x0000000100000000)
  eden space 20480K, 99% used [0x00000000f5580000,0x00000000f697ffc8,0x00000000f6980000)
  from space 9216K, 0% used [0x00000000f7480000,0x00000000f7480000,0x00000000f7d80000)
  to   space 9728K, 0% used [0x00000000f6980000,0x00000000f6980000,0x00000000f7300000)
 ParOldGen       total 349696K, used 349693K [0x00000000e0000000, 0x00000000f5580000, 0x00000000f5580000)
  object space 349696K, 99% used [0x00000000e0000000,0x00000000f557f588,0x00000000f5580000)
 Metaspace       used 59789K, committed 60608K, reserved 1105920K
  class space    used 5863K, committed 6208K, reserved 1048576K
}
Event: 978.939 GC heap after
{Heap after GC invocations=711 (full 615):
 PSYoungGen      total 30208K, used 20479K [0x00000000f5580000, 0x00000000f7d80000, 0x0000000100000000)
  eden space 20480K, 99% used [0x00000000f5580000,0x00000000f697ffc8,0x00000000f6980000)
  from space 9728K, 0% used [0x00000000f6980000,0x00000000f6980000,0x00000000f7300000)
  to   space 9216K, 0% used [0x00000000f7480000,0x00000000f7480000,0x00000000f7d80000)
 ParOldGen       total 349696K, used 349693K [0x00000000e0000000, 0x00000000f5580000, 0x00000000f5580000)
  object space 349696K, 99% used [0x00000000e0000000,0x00000000f557f588,0x00000000f5580000)
 Metaspace       used 59789K, committed 60608K, reserved 1105920K
  class space    used 5863K, committed 6208K, reserved 1048576K
}

